[PREINITIALIZATION][CLIENT][INFO] Current loaders after merging: [[preinit]]
[PREINITIALIZATION][CLIENT][INFO] Loading scripts for loader with names [preinit]
[PREINITIALIZATION][CLIENT][INFO] [preinit | SIDE_CLIENT]: Skipping file {[0:crafttweaker]: recipes.zs} as we are currently loading with a different loader
[PREINITIALIZATION][CLIENT][INFO] Completed script loading in: 3ms
[PREINITIALIZATION][CLIENT][INFO] Current loaders after merging: [[preinit], [contenttweaker]]
[PREINITIALIZATION][CLIENT][INFO] Loading scripts for loader with names [contenttweaker]
[PREINITIALIZATION][CLIENT][INFO] [contenttweaker | SIDE_CLIENT]: Skipping file {[0:crafttweaker]: recipes.zs} as we are currently loading with a different loader
[PREINITIALIZATION][CLIENT][INFO] Completed script loading in: 0ms
[INITIALIZATION][CLIENT][INFO] CraftTweaker: Building registry
[INITIALIZATION][CLIENT][INFO] CraftTweaker: Successfully built item registry
[INITIALIZATION][CLIENT][INFO] Current loaders after merging: [[preinit], [contenttweaker], [recipeevent | crafttweaker]]
[INITIALIZATION][CLIENT][INFO] Loading scripts for loader with names [crafttweaker | recipeevent]
[INITIALIZATION][CLIENT][INFO] [crafttweaker | SIDE_CLIENT]: Loading Script: {[0:crafttweaker]: recipes.zs}
[INITIALIZATION][CLIENT][INFO] Completed script loading in: 562ms
[POSTINITIALIZATION][CLIENT][INFO] Adding shaped recipe for Wooden Gearbox with name ct_shaped-144952675
[POSTINITIALIZATION][CLIENT][INFO] Adding shaped recipe for Stone Shovel with name ct_shaped-619920126
[POSTINITIALIZATION][CLIENT][INFO] Adding shaped recipe for Stone Sword with name ct_shaped-1889586068
[POSTINITIALIZATION][CLIENT][INFO] Adding shaped recipe for Stone Axe with name ct_shaped-738384749
[POSTINITIALIZATION][CLIENT][INFO] Adding shaped recipe for Stone Hoe with name ct_shaped-961017921
[POSTINITIALIZATION][CLIENT][INFO] Adding shaped recipe for Stone Pickaxe with name ct_shaped39663764
[POSTINITIALIZATION][CLIENT][INFO] Adding shaped recipe for Saw with name ct_shaped-1147014974
[POSTINITIALIZATION][CLIENT][INFO] Adding shapeless recipe for Leather Strap with name ct_shapeless802392160
[POSTINITIALIZATION][CLIENT][INFO] Adding shaped recipe for Cauldron with name ct_shaped-2056381617
[POSTINITIALIZATION][CLIENT][INFO] Adding shaped recipe for Wopper Mk2 :P with name ct_shaped193122027
[POSTINITIALIZATION][CLIENT][INFO] Adding shaped recipe for Flame Grilled Wopper with name ct_shaped-454622028
[POSTINITIALIZATION][CLIENT][INFO] Adding shaped recipe for Un-Lit Fibre Torch with name ct_shaped-593850348
[POSTINITIALIZATION][CLIENT][INFO] Adding shaped recipe for Stone Grill with name ct_shaped-1784193082
[POSTINITIALIZATION][CLIENT][INFO] Adding shaped recipe for Furnace with name ct_shaped1400660729
[POSTINITIALIZATION][CLIENT][INFO] Adding shapeless recipe for Charcoal with name ct_shapeless903321411
[POSTINITIALIZATION][CLIENT][INFO] Adding shapeless recipe for Oak Wood Planks with name ct_shapeless-2047112738
[POSTINITIALIZATION][CLIENT][INFO] Adding shapeless recipe for Whittled Fire Sticks with name ct_shapeless-1480355038
[POSTINITIALIZATION][CLIENT][INFO] Adding shaped recipe for Wooden Axe with name ct_shaped-95609672
[AVAILABLE][CLIENT][INFO] Adding 1 Cauldron Recipe(s) for Glue
[SERVER_STARTED][CLIENT][INFO] Fixed the RecipeBook
